Build started 4/26/2016 4:56:31 PM.
     1>Project "F:\CS2 Spring 2016\lab7\lab7\lab7.vcxproj" on node 2 (ClCompile target(s)).
     1>ClCompile:
         C:\Program Files (x86)\Microsoft Visual Studio 12.0\VC\bin\CL.exe /c /ZI /nologo /W3 /WX- /sdl /Od /Oy- /D _MBCS /Gm /EHsc /RTC1 /MDd /GS /fp:precise /Zc:wchar_t /Zc:forScope /Fo"Debug\\" /Fd"Debug\vc120.pdb" /Gd /TP /analyze- /errorReport:prompt test.cpp
         test.cpp
     1>f:\cs2 spring 2016\lab7\lab7\binarysearchtree.h(54): error C2143: syntax error : missing ';' before '<'
     1>f:\cs2 spring 2016\lab7\lab7\binarysearchtree.h(54): error C2988: unrecognizable template declaration/definition
     1>f:\cs2 spring 2016\lab7\lab7\binarysearchtree.h(54): error C2059: syntax error : '<'
     1>f:\cs2 spring 2016\lab7\lab7\binarysearchtree.h(59): error C2065: 'elemType' : undeclared identifier
     1>f:\cs2 spring 2016\lab7\lab7\binarysearchtree.h(59): error C2923: 'BinarySearchTree' : 'elemType' is not a valid template type argument for parameter 'elemType'
     1>f:\cs2 spring 2016\lab7\lab7\binarysearchtree.h(60): error C2143: syntax error : missing ';' before '{'
     1>f:\cs2 spring 2016\lab7\lab7\binarysearchtree.h(60): error C2447: '{' : missing function header (old-style formal list?)
     1>f:\cs2 spring 2016\lab7\lab7\binarysearchtree.h(64): error C2143: syntax error : missing ';' before '<'
     1>f:\cs2 spring 2016\lab7\lab7\binarysearchtree.h(64): error C2182: 'BinarySeachTree' : illegal use of type 'void'
     1>f:\cs2 spring 2016\lab7\lab7\binarysearchtree.h(64): error C2988: unrecognizable template declaration/definition
     1>f:\cs2 spring 2016\lab7\lab7\binarysearchtree.h(64): error C2059: syntax error : '<'
     1>f:\cs2 spring 2016\lab7\lab7\binarysearchtree.h(64): error C2039: 'inorderTraversal' : is not a member of '`global namespace''
     1>f:\cs2 spring 2016\lab7\lab7\binarysearchtree.h(69): error C2039: 'preorderTraversal' : is not a member of '`global namespace''
     1>f:\cs2 spring 2016\lab7\lab7\binarysearchtree.h(70): error C2143: syntax error : missing ';' before '{'
     1>f:\cs2 spring 2016\lab7\lab7\binarysearchtree.h(70): error C2447: '{' : missing function header (old-style formal list?)
     1>f:\cs2 spring 2016\lab7\lab7\binarysearchtree.h(74): error C2143: syntax error : missing ';' before '<'
     1>f:\cs2 spring 2016\lab7\lab7\binarysearchtree.h(74): error C2182: 'BinarySeachTree' : illegal use of type 'void'
     1>f:\cs2 spring 2016\lab7\lab7\binarysearchtree.h(74): error C2374: 'BinarySeachTree' : redefinition; multiple initialization
                 f:\cs2 spring 2016\lab7\lab7\binarysearchtree.h(64) : see declaration of 'BinarySeachTree'
     1>f:\cs2 spring 2016\lab7\lab7\binarysearchtree.h(74): error C2988: unrecognizable template declaration/definition
     1>f:\cs2 spring 2016\lab7\lab7\binarysearchtree.h(74): error C2059: syntax error : '<'
     1>f:\cs2 spring 2016\lab7\lab7\binarysearchtree.h(74): error C2039: 'postorderTraversal' : is not a member of '`global namespace''
     1>f:\cs2 spring 2016\lab7\lab7\binarysearchtree.h(79): error C2039: 'treeHeight' : is not a member of '`global namespace''
     1>f:\cs2 spring 2016\lab7\lab7\binarysearchtree.h(80): error C2143: syntax error : missing ';' before '{'
     1>f:\cs2 spring 2016\lab7\lab7\binarysearchtree.h(80): error C2447: '{' : missing function header (old-style formal list?)
     1>f:\cs2 spring 2016\lab7\lab7\binarysearchtree.h(84): error C2143: syntax error : missing ';' before '<'
     1>f:\cs2 spring 2016\lab7\lab7\binarysearchtree.h(84): error C2374: 'BinarySeachTree' : redefinition; multiple initialization
                 f:\cs2 spring 2016\lab7\lab7\binarysearchtree.h(64) : see declaration of 'BinarySeachTree'
     1>f:\cs2 spring 2016\lab7\lab7\binarysearchtree.h(84): error C2988: unrecognizable template declaration/definition
     1>f:\cs2 spring 2016\lab7\lab7\binarysearchtree.h(84): error C2059: syntax error : '<'
     1>f:\cs2 spring 2016\lab7\lab7\binarysearchtree.h(84): error C2039: 'treeNodeCount' : is not a member of '`global namespace''
     1>f:\cs2 spring 2016\lab7\lab7\binarysearchtree.h(89): error C2039: '=' : is not a member of '`global namespace''
     1>f:\cs2 spring 2016\lab7\lab7\binarysearchtree.h(91): error C2143: syntax error : missing ';' before '{'
     1>f:\cs2 spring 2016\lab7\lab7\binarysearchtree.h(91): error C2447: '{' : missing function header (old-style formal list?)
     1>f:\cs2 spring 2016\lab7\lab7\binarysearchtree.h(104): error C2143: syntax error : missing ';' before '<'
     1>f:\cs2 spring 2016\lab7\lab7\binarysearchtree.h(104): error C2182: 'BinarySeachTree' : illegal use of type 'void'
     1>f:\cs2 spring 2016\lab7\lab7\binarysearchtree.h(104): error C2374: 'BinarySeachTree' : redefinition; multiple initialization
                 f:\cs2 spring 2016\lab7\lab7\binarysearchtree.h(64) : see declaration of 'BinarySeachTree'
     1>f:\cs2 spring 2016\lab7\lab7\binarysearchtree.h(104): error C2988: unrecognizable template declaration/definition
     1>f:\cs2 spring 2016\lab7\lab7\binarysearchtree.h(104): error C2059: syntax error : '<'
     1>f:\cs2 spring 2016\lab7\lab7\binarysearchtree.h(104): error C2039: 'destroyTree' : is not a member of '`global namespace''
     1>f:\cs2 spring 2016\lab7\lab7\binarysearchtree.h(109): error C2065: 'elemType' : undeclared identifier
     1>f:\cs2 spring 2016\lab7\lab7\binarysearchtree.h(109): error C2923: 'BinarySearchTree' : 'elemType' is not a valid template type argument for parameter 'elemType'
     1>f:\cs2 spring 2016\lab7\lab7\binarysearchtree.h(110): error C2143: syntax error : missing ';' before '{'
     1>f:\cs2 spring 2016\lab7\lab7\binarysearchtree.h(110): error C2447: '{' : missing function header (old-style formal list?)
     1>Done Building Project "F:\CS2 Spring 2016\lab7\lab7\lab7.vcxproj" (ClCompile target(s)) -- FAILED.

Build FAILED.

Time Elapsed 00:00:00.56
